<?xml version="1.0" encoding="UTF-8"?>
<testsuite xmlns:xsi="http://www.w3.org/2001/XMLSchema-instance" xsi:noNamespaceSchemaLocation="https://maven.apache.org/surefire/maven-surefire-plugin/xsd/surefire-test-report-3.0.xsd" version="3.0" name="com.todotasks.springtodoappdemo.SpringTodoappDemoApplicationTests" time="5.454" tests="1" errors="0" skipped="0" failures="0">
  <properties>
[...]
</properties>
  <testcase name="contextLoads" classname="com.todotasks.springtodoappdemo.SpringTodoappDemoApplicationTests" time="0.718">
    <system-out><![CDATA[19:34:56.327 [main] INFO org.springframework.test.context.support.AnnotationConfigContextLoaderUtils -- Could not detect default configuration classes for test class [com.todotasks.springtodoappdemo.SpringTodoappDemoApplicationTests]: SpringTodoappDemoApplicationTests does not declare any static, non-private, non-final, nested classes annotated with @Configuration.
19:34:56.425 [main] INFO org.springframework.boot.test.context.SpringBootTestContextBootstrapper -- Found @SpringBootConfiguration com.todotasks.springtodoappdemo.SpringTodoappDemoApplication for test class com.todotasks.springtodoappdemo.SpringTodoappDemoApplicationTests

  .   ____          _            __ _ _
 /\\ / ___'_ __ _ _(_)_ __  __ _ \ \ \ \
( ( )\___ | '_ | '_| | '_ \/ _` | \ \ \ \
 \\/  ___)| |_)| | | | | || (_| |  ) ) ) )
  '  |____| .__|_| |_|_| |_\__, | / / / /
 =========|_|==============|___/=/_/_/_/
 :: Spring Boot ::                (v3.2.1)

2024-01-10T19:34:56.828+03:00  INFO 13364 --- [           main] c.t.s.SpringTodoappDemoApplicationTests  : Starting SpringTodoappDemoApplicationTests using Java 21.0.1 with PID 13364 (started by Lenovo in C:\Users\Lenovo\Desktop\TodoApp)
2024-01-10T19:34:56.829+03:00  INFO 13364 --- [           main] c.t.s.SpringTodoappDemoApplicationTests  : No active profile set, falling back to 1 default profile: "default"
2024-01-10T19:34:57.515+03:00  INFO 13364 --- [           main] .s.d.r.c.RepositoryConfigurationDelegate : Bootstrapping Spring Data MongoDB repositories in DEFAULT mode.
2024-01-10T19:34:57.560+03:00  INFO 13364 --- [           main] .s.d.r.c.RepositoryConfigurationDelegate : Finished Spring Data repository scanning in 40 ms. Found 1 MongoDB repository interface.
2024-01-10T19:34:58.070+03:00  INFO 13364 --- [           main] org.mongodb.driver.client                : MongoClient with metadata {"driver": {"name": "mongo-java-driver|sync|spring-boot", "version": "4.11.1"}, "os": {"type": "Windows", "name": "Windows 11", "architecture": "amd64", "version": "10.0"}, "platform": "Java/Oracle Corporation/21.0.1+12-29"} created with settings MongoClientSettings{readPreference=primary, writeConcern=WriteConcern{w=majority, wTimeout=null ms, journal=null}, retryWrites=true, retryReads=true, readConcern=ReadConcern{level=null}, credential=MongoCredential{mechanism=null, userName='admin', source='admin', password=<hidden>, mechanismProperties=<hidden>}, transportSettings=null, streamFactoryFactory=null, commandListeners=[], codecRegistry=ProvidersCodecRegistry{codecProviders=[ValueCodecProvider{}, BsonValueCodecProvider{}, DBRefCodecProvider{}, DBObjectCodecProvider{}, DocumentCodecProvider{}, CollectionCodecProvider{}, IterableCodecProvider{}, MapCodecProvider{}, GeoJsonCodecProvider{}, GridFSFileCodecProvider{}, Jsr310CodecProvider{}, JsonObjectCodecProvider{}, BsonCodecProvider{}, EnumCodecProvider{}, com.mongodb.client.model.mql.ExpressionCodecProvider@29fe4840, com.mongodb.Jep395RecordCodecProvider@7f287b98, com.mongodb.KotlinCodecProvider@4684240f]}, loggerSettings=LoggerSettings{maxDocumentLength=1000}, clusterSettings={hosts=[127.0.0.1:27017], srvHost=demodb.hhymaxo.mongodb.net, srvServiceName=mongodb, mode=MULTIPLE, requiredClusterType=REPLICA_SET, requiredReplicaSetName='atlas-ds978c-shard-0', serverSelector='null', clusterListeners='[]', serverSelectionTimeout='30000 ms', localThreshold='15 ms'}, socketSettings=SocketSettings{connectTimeoutMS=10000, readTimeoutMS=0, receiveBufferSize=0, proxySettings=ProxySettings{host=null, port=null, username=null, password=null}}, heartbeatSocketSettings=SocketSettings{connectTimeoutMS=10000, readTimeoutMS=10000, receiveBufferSize=0, proxySettings=ProxySettings{host=null, port=null, username=null, password=null}}, connectionPoolSettings=ConnectionPoolSettings{maxSize=100, minSize=0, maxWaitTimeMS=120000, maxConnectionLifeTimeMS=0, maxConnectionIdleTimeMS=0, maintenanceInitialDelayMS=0, maintenanceFrequencyMS=60000, connectionPoolListeners=[], maxConnecting=2}, serverSettings=ServerSettings{heartbeatFrequencyMS=10000, minHeartbeatFrequencyMS=500, serverListeners='[]', serverMonitorListeners='[]'}, sslSettings=SslSettings{enabled=true, invalidHostNameAllowed=false, context=null}, applicationName='null', compressorList=[], uuidRepresentation=JAVA_LEGACY, serverApi=null, autoEncryptionSettings=null, dnsClient=null, inetAddressResolver=null, contextProvider=null}
2024-01-10T19:34:58.122+03:00  INFO 13364 --- [axo.mongodb.net] org.mongodb.driver.cluster               : Adding discovered server ac-vd5awej-shard-00-00.hhymaxo.mongodb.net:27017 to client view of cluster
2024-01-10T19:34:58.150+03:00  INFO 13364 --- [axo.mongodb.net] org.mongodb.driver.cluster               : Adding discovered server ac-vd5awej-shard-00-01.hhymaxo.mongodb.net:27017 to client view of cluster
2024-01-10T19:34:58.156+03:00  INFO 13364 --- [axo.mongodb.net] org.mongodb.driver.cluster               : Adding discovered server ac-vd5awej-shard-00-02.hhymaxo.mongodb.net:27017 to client view of cluster
2024-01-10T19:34:58.383+03:00  INFO 13364 --- [           main] org.mongodb.driver.cluster               : No server chosen by WritableServerSelector from cluster description ClusterDescription{type=REPLICA_SET, connectionMode=MULTIPLE, serverDescriptions=[ServerDescription{address=ac-vd5awej-shard-00-02.hhymaxo.mongodb.net:27017, type=UNKNOWN, state=CONNECTING}, ServerDescription{address=ac-vd5awej-shard-00-00.hhymaxo.mongodb.net:27017, type=UNKNOWN, state=CONNECTING}, ServerDescription{address=ac-vd5awej-shard-00-01.hhymaxo.mongodb.net:27017, type=UNKNOWN, state=CONNECTING}]}. Waiting for 30000 ms before timing out
2024-01-10T19:34:59.045+03:00  INFO 13364 --- [ngodb.net:27017] org.mongodb.driver.cluster               : Monitor thread successfully connected to server with description ServerDescription{address=ac-vd5awej-shard-00-02.hhymaxo.mongodb.net:27017, type=REPLICA_SET_SECONDARY, state=CONNECTED, ok=true, minWireVersion=0, maxWireVersion=17, maxDocumentSize=16777216, logicalSessionTimeoutMinutes=30, roundTripTimeNanos=498419000, setName='atlas-ds978c-shard-0', canonicalAddress=ac-vd5awej-shard-00-02.hhymaxo.mongodb.net:27017, hosts=[ac-vd5awej-shard-00-00.hhymaxo.mongodb.net:27017, ac-vd5awej-shard-00-02.hhymaxo.mongodb.net:27017, ac-vd5awej-shard-00-01.hhymaxo.mongodb.net:27017], passives=[], arbiters=[], primary='ac-vd5awej-shard-00-01.hhymaxo.mongodb.net:27017', tagSet=TagSet{[Tag{name='availabilityZone', value='mes1-az3'}, Tag{name='nodeType', value='ELECTABLE'}, Tag{name='provider', value='AWS'}, Tag{name='region', value='ME_SOUTH_1'}, Tag{name='workloadType', value='OPERATIONAL'}]}, electionId=null, setVersion=1, topologyVersion=TopologyVersion{processId=659b8793dab1f8e43bb2a869, counter=5}, lastWriteDate=Wed Jan 10 19:34:58 TRT 2024, lastUpdateTimeNanos=1979835056235800}
2024-01-10T19:34:59.045+03:00  INFO 13364 --- [ngodb.net:27017] org.mongodb.driver.cluster               : Monitor thread successfully connected to server with description ServerDescription{address=ac-vd5awej-shard-00-01.hhymaxo.mongodb.net:27017, type=REPLICA_SET_PRIMARY, state=CONNECTED, ok=true, minWireVersion=0, maxWireVersion=17, maxDocumentSize=16777216, logicalSessionTimeoutMinutes=30, roundTripTimeNanos=496840500, setName='atlas-ds978c-shard-0', canonicalAddress=ac-vd5awej-shard-00-01.hhymaxo.mongodb.net:27017, hosts=[ac-vd5awej-shard-00-00.hhymaxo.mongodb.net:27017, ac-vd5awej-shard-00-02.hhymaxo.mongodb.net:27017, ac-vd5awej-shard-00-01.hhymaxo.mongodb.net:27017], passives=[], arbiters=[], primary='ac-vd5awej-shard-00-01.hhymaxo.mongodb.net:27017', tagSet=TagSet{[Tag{name='availabilityZone', value='mes1-az2'}, Tag{name='nodeType', value='ELECTABLE'}, Tag{name='provider', value='AWS'}, Tag{name='region', value='ME_SOUTH_1'}, Tag{name='workloadType', value='OPERATIONAL'}]}, electionId=7fffffff0000000000000002, setVersion=1, topologyVersion=TopologyVersion{processId=659b87822ccd53e8fbee40f0, counter=7}, lastWriteDate=Wed Jan 10 19:34:58 TRT 2024, lastUpdateTimeNanos=1979835056235800}
2024-01-10T19:34:59.045+03:00  INFO 13364 --- [ngodb.net:27017] org.mongodb.driver.cluster               : Monitor thread successfully connected to server with description ServerDescription{address=ac-vd5awej-shard-00-00.hhymaxo.mongodb.net:27017, type=REPLICA_SET_SECONDARY, state=CONNECTED, ok=true, minWireVersion=0, maxWireVersion=17, maxDocumentSize=16777216, logicalSessionTimeoutMinutes=30, roundTripTimeNanos=506709000, setName='atlas-ds978c-shard-0', canonicalAddress=ac-vd5awej-shard-00-00.hhymaxo.mongodb.net:27017, hosts=[ac-vd5awej-shard-00-00.hhymaxo.mongodb.net:27017, ac-vd5awej-shard-00-02.hhymaxo.mongodb.net:27017, ac-vd5awej-shard-00-01.hhymaxo.mongodb.net:27017], passives=[], arbiters=[], primary='ac-vd5awej-shard-00-01.hhymaxo.mongodb.net:27017', tagSet=TagSet{[Tag{name='availabilityZone', value='mes1-az1'}, Tag{name='nodeType', value='ELECTABLE'}, Tag{name='provider', value='AWS'}, Tag{name='region', value='ME_SOUTH_1'}, Tag{name='workloadType', value='OPERATIONAL'}]}, electionId=null, setVersion=1, topologyVersion=TopologyVersion{processId=659b877fe02ef33a4714c21d, counter=8}, lastWriteDate=Wed Jan 10 19:34:58 TRT 2024, lastUpdateTimeNanos=1979835056235800}
2024-01-10T19:34:59.049+03:00  INFO 13364 --- [ngodb.net:27017] org.mongodb.driver.cluster               : Discovered replica set primary ac-vd5awej-shard-00-01.hhymaxo.mongodb.net:27017 with max election id 7fffffff0000000000000002 and max set version 1
2024-01-10T19:35:00.693+03:00  WARN 13364 --- [           main] .s.s.UserDetailsServiceAutoConfiguration : 

Using generated security password: 319e3dd1-92d1-4197-8bf5-23df82ce69c5

This generated password is for development use only. Your security configuration must be updated before running your application in production.

2024-01-10T19:35:00.833+03:00  INFO 13364 --- [           main] o.s.s.web.DefaultSecurityFilterChain     : Will secure any request with [org.springframework.security.web.session.DisableEncodeUrlFilter@5a6f6cac, org.springframework.security.web.context.request.async.WebAsyncManagerIntegrationFilter@258a8584, org.springframework.security.web.context.SecurityContextHolderFilter@10d98940, org.springframework.security.web.header.HeaderWriterFilter@7a3643e3, org.springframework.web.filter.CorsFilter@59127611, org.springframework.security.web.csrf.CsrfFilter@1c6ac73c, org.springframework.security.web.authentication.logout.LogoutFilter@7d12429, org.springframework.security.web.authentication.UsernamePasswordAuthenticationFilter@59a94d0f, org.springframework.security.web.authentication.ui.DefaultLoginPageGeneratingFilter@ba562e0, org.springframework.security.web.authentication.ui.DefaultLogoutPageGeneratingFilter@553ce348, org.springframework.security.web.authentication.www.BasicAuthenticationFilter@2b1a901d, org.springframework.security.web.savedrequest.RequestCacheAwareFilter@32a033b6, org.springframework.security.web.servletapi.SecurityContextHolderAwareRequestFilter@5f6e2ad9, org.springframework.security.web.authentication.AnonymousAuthenticationFilter@7417ef4f, org.springframework.security.web.access.ExceptionTranslationFilter@48e74764, org.springframework.security.web.access.intercept.AuthorizationFilter@dae5e0]
2024-01-10T19:35:00.887+03:00  INFO 13364 --- [           main] c.t.s.SpringTodoappDemoApplicationTests  : Started SpringTodoappDemoApplicationTests in 4.32 seconds (process running for 5.205)
]]></system-out>
    <system-err><![CDATA[WARNING: A Java agent has been loaded dynamically (C:\Users\Lenovo\.m2\repository\net\bytebuddy\byte-buddy-agent\1.14.10\byte-buddy-agent-1.14.10.jar)
WARNING: If a serviceability tool is in use, please run with -XX:+EnableDynamicAgentLoading to hide this warning
WARNING: If a serviceability tool is not in use, please run with -Djdk.instrument.traceUsage for more information
WARNING: Dynamic loading of agents will be disallowed by default in a future release
]]></system-err>
  </testcase>
</testsuite>